<?xml version="1.0" encoding="UTF-8"?>
<robot generator="Robot 7.0 (Python 3.10.12 on linux)" generated="2024-03-01T13:02:17.041047" rpa="false" schemaversion="5">
<suite id="s1" name="Test robot" source="/home/draga/PycharmProjects/pythonProject/RobotFramework/TestCases/Robot_tests/training/Robot_project/Test_robot.robot">
<test id="s1-t1" name="Check Application Lifespan" line="6">
<kw name="Get File" owner="OperatingSystem">
<msg time="2024-03-01T13:02:17.074083" level="INFO" html="true">Getting file '&lt;a href="file:///home/draga/PycharmProjects/pythonProject/RobotFramework/TestCases/Robot_tests/training/Robot_project/output.yml"&gt;/home/draga/PycharmProjects/pythonProject/RobotFramework/TestCases/Robot_tests/training/Robot_project/output.yml&lt;/a&gt;'.</msg>
<msg time="2024-03-01T13:02:17.074406" level="INFO">${yaml_content} = applications:
    - Aplication:android.app.camera:
        - app_path: com.sec.android.app.camera
        - ts_app_started: 17:56:07.504
        - ts_app_stopped: 17:56:30.882
        - lifespan: 23.3...</msg>
<var>${yaml_content}</var>
<arg>output.yml</arg>
<doc>Returns the contents of a specified file.</doc>
<status status="PASS" start="2024-03-01T13:02:17.073758" elapsed="0.000672"/>
</kw>
<kw name="Log" owner="BuiltIn">
<msg time="2024-03-01T13:02:17.074849" level="INFO">applications:
    - Aplication:android.app.camera:
        - app_path: com.sec.android.app.camera
        - ts_app_started: 17:56:07.504
        - ts_app_stopped: 17:56:30.882
        - lifespan: 23.378
    - Aplication:lix.mediaclient:
        - app_path: com.netflix.mediaclient
        - ts_app_started: 17:56:29.534
        - ts_app_stopped: 17:57:00.006
        lifespan: 30.472
    - Aplication:oid.vending:
        - app_path: com.android.vending
        - ts_app_started: 17:56:33.783
        - ts_app_stopped: 17:56:49.245
        - lifespan: 15.462
</msg>
<arg>${yaml_content}</arg>
<doc>Logs the given message with the given level.</doc>
<status status="PASS" start="2024-03-01T13:02:17.074682" elapsed="0.000201"/>
</kw>
<kw name="Evaluate" owner="BuiltIn">
<msg time="2024-03-01T13:02:17.076731" level="FAIL">Evaluating expression 'yaml.loads($yaml_content) yaml' failed: SyntaxError: invalid syntax (&lt;string&gt;, line 1)</msg>
<var>${parsed_yaml}</var>
<arg>yaml.loads($yaml_content) yaml</arg>
<doc>Evaluates the given expression in Python and returns the result.</doc>
<status status="FAIL" start="2024-03-01T13:02:17.074986" elapsed="0.001817">Evaluating expression 'yaml.loads($yaml_content) yaml' failed: SyntaxError: invalid syntax (&lt;string&gt;, line 1)</status>
</kw>
<kw name="Log Many" owner="BuiltIn">
<arg>\n%${parsed_yaml}</arg>
<doc>Logs the given messages as separate entries using the INFO level.</doc>
<status status="NOT RUN" start="2024-03-01T13:02:17.076936" elapsed="0.000013"/>
</kw>
<for flavor="IN">
<iter>
<kw name="Log Application: ${application}">
<status status="NOT RUN" start="2024-03-01T13:02:17.078008" elapsed="0.000017"/>
</kw>
<kw name="Get From Dictionary" owner="Collections">
<var>${details}</var>
<arg>${parsed_yaml}</arg>
<arg>${application}</arg>
<doc>Returns a value from the given ``dictionary`` based on the given ``key``.</doc>
<status status="NOT RUN" start="2024-03-01T13:02:17.078093" elapsed="0.000021"/>
</kw>
<for flavor="IN">
<iter>
<kw name="Log" owner="BuiltIn">
<arg>${key}: ${value}</arg>
<doc>Logs the given message with the given level.</doc>
<status status="NOT RUN" start="2024-03-01T13:02:17.078295" elapsed="0.000012"/>
</kw>
<var name="${key}"/>
<var name="${value}"/>
<status status="NOT RUN" start="2024-03-01T13:02:17.078243" elapsed="0.000085"/>
</iter>
<var>${key}</var>
<var>${value}</var>
<value>${details}</value>
<status status="NOT RUN" start="2024-03-01T13:02:17.078201" elapsed="0.001375"/>
</for>
<var name="${application}"/>
<status status="NOT RUN" start="2024-03-01T13:02:17.077208" elapsed="0.002462"/>
</iter>
<var>${application}</var>
<value>@{parsed_yaml}</value>
<status status="NOT RUN" start="2024-03-01T13:02:17.077041" elapsed="0.002685"/>
</for>
<status status="FAIL" start="2024-03-01T13:02:17.073083" elapsed="0.007016">Evaluating expression 'yaml.loads($yaml_content) yaml' failed: SyntaxError: invalid syntax (&lt;string&gt;, line 1)</status>
</test>
<status status="FAIL" start="2024-03-01T13:02:17.043456" elapsed="0.036939"/>
</suite>
<statistics>
<total>
<stat pass="0" fail="1" skip="0">All Tests</stat>
</total>
<tag>
</tag>
<suite>
<stat pass="0" fail="1" skip="0" id="s1" name="Test robot">Test robot</stat>
</suite>
</statistics>
<errors>
</errors>
</robot>
